-------------------------------------------------------------------------------
Test set: com.bmo.amps.subscriber.AmpsSubscribeConfigTest
-------------------------------------------------------------------------------
Tests run: 3, Failures: 1, Errors: 0, Skipped: 0, Time elapsed: 0.058 s <<< FAILURE! -- in com.bmo.amps.subscriber.AmpsSubscribeConfigTest
com.bmo.amps.subscriber.AmpsSubscribeConfigTest.clientsGeneratesOneDefPerClientCountSharingUrisAndQueue -- Time elapsed: 0.023 s <<< FAILURE!
org.opentest4j.AssertionFailedError: 

Expecting actual:
  ["queue_orders_subscriber_0",
    "queue_orders_subscriber_1",
    "queue_orders_subscriber_2"]
to contain exactly (and in same order):
  ["CLIENT_1", "CLIENT_2", "CLIENT_3"]
but some elements were not found:
  ["CLIENT_1", "CLIENT_2", "CLIENT_3"]
and others were not expected:
  ["queue_orders_subscriber_0",
    "queue_orders_subscriber_1",
    "queue_orders_subscriber_2"]

	at com.bmo.amps.subscriber.AmpsSubscribeConfigTest.clientsGeneratesOneDefPerClientCountSharingUrisAndQueue(AmpsSubscribeConfigTest.java:36)

