-------------------------------------------------------------------------------
Test set: com.bmo.amps.subscriber.AmpsSubscriberTest
-------------------------------------------------------------------------------
Tests run: 9, Failures: 1, Errors: 8, Skipped: 0, Time elapsed: 17.21 s <<< FAILURE! -- in com.bmo.amps.subscriber.AmpsSubscriberTest
com.bmo.amps.subscriber.AmpsSubscriberTest.manyReconnectCyclesLeaveNoLingeringReaderThreadsAndKeepConsumingAfterEach -- Time elapsed: 2.210 s <<< ERROR!
org.awaitility.core.ConditionTimeoutException: 
Assertion condition defined as a Lambda expression in com.bmo.amps.subscriber.AmpsSubscriberTest 
Expecting value to be true but was false within 2 seconds.
	at org.awaitility.core.ConditionAwaiter.await(ConditionAwaiter.java:167)
	at org.awaitility.core.AssertionCondition.await(AssertionCondition.java:119)
	at org.awaitility.core.AssertionCondition.await(AssertionCondition.java:31)
	at org.awaitility.core.ConditionFactory.until(ConditionFactory.java:1006)
	at org.awaitility.core.ConditionFactory.untilAsserted(ConditionFactory.java:790)
	at com.bmo.amps.subscriber.AmpsSubscriberTest.manyReconnectCyclesLeaveNoLingeringReaderThreadsAndKeepConsumingAfterEach(AmpsSubscriberTest.java:233)
Caused by: org.opentest4j.AssertionFailedError: 
Expecting value to be true but was false
	at com.bmo.amps.subscriber.AmpsSubscriberTest.lambda$manyReconnectCyclesLeaveNoLingeringReaderThreadsAndKeepConsumingAfterEach$22(AmpsSubscriberTest.java:233)

com.bmo.amps.subscriber.AmpsSubscriberTest.connectedHeartbeatAndResubscribedEventsDoNotDisruptRecovery -- Time elapsed: 2.096 s <<< ERROR!
org.awaitility.core.ConditionTimeoutException: 
Assertion condition defined as a Lambda expression in com.bmo.amps.subscriber.AmpsSubscriberTest 
Expecting value to be true but was false within 2 seconds.
	at org.awaitility.core.ConditionAwaiter.await(ConditionAwaiter.java:167)
	at org.awaitility.core.AssertionCondition.await(AssertionCondition.java:119)
	at org.awaitility.core.AssertionCondition.await(AssertionCondition.java:31)
	at org.awaitility.core.ConditionFactory.until(ConditionFactory.java:1006)
	at org.awaitility.core.ConditionFactory.untilAsserted(ConditionFactory.java:790)
	at com.bmo.amps.subscriber.AmpsSubscriberTest.connectedHeartbeatAndResubscribedEventsDoNotDisruptRecovery(AmpsSubscriberTest.java:156)
Caused by: org.opentest4j.AssertionFailedError: 
Expecting value to be true but was false
	at com.bmo.amps.subscriber.AmpsSubscriberTest.lambda$connectedHeartbeatAndResubscribedEventsDoNotDisruptRecovery$13(AmpsSubscriberTest.java:156)

com.bmo.amps.subscriber.AmpsSubscriberTest.reconnectResubscribesWithNewIdAndUnsubscribesTheStaleOne -- Time elapsed: 2.101 s <<< ERROR!
org.awaitility.core.ConditionTimeoutException: 
Assertion condition defined as a Lambda expression in com.bmo.amps.subscriber.AmpsSubscriberTest 
Expecting value to be true but was false within 2 seconds.
	at org.awaitility.core.ConditionAwaiter.await(ConditionAwaiter.java:167)
	at org.awaitility.core.AssertionCondition.await(AssertionCondition.java:119)
	at org.awaitility.core.AssertionCondition.await(AssertionCondition.java:31)
	at org.awaitility.core.ConditionFactory.until(ConditionFactory.java:1006)
	at org.awaitility.core.ConditionFactory.untilAsserted(ConditionFactory.java:790)
	at com.bmo.amps.subscriber.AmpsSubscriberTest.reconnectResubscribesWithNewIdAndUnsubscribesTheStaleOne(AmpsSubscriberTest.java:168)
Caused by: org.opentest4j.AssertionFailedError: 
Expecting value to be true but was false
	at com.bmo.amps.subscriber.AmpsSubscriberTest.lambda$reconnectResubscribesWithNewIdAndUnsubscribesTheStaleOne$15(AmpsSubscriberTest.java:168)

com.bmo.amps.subscriber.AmpsSubscriberTest.startCreatesHAClientAndConnects -- Time elapsed: 0.013 s <<< FAILURE!
Wanted but not invoked:
hAClient.connectAndLogon();
-> at com.crankuptheamps.client.HAClient.connectAndLogon(HAClient.java:389)

However, there was exactly 1 interaction with this mock:
hAClient.addConnectionStateListener(
    com.bmo.amps.subscriber.AmpsClientConnection$$Lambda/0x000001b0f0329968@349c4d1c
);
-> at com.bmo.amps.subscriber.AmpsClientConnection.start(AmpsClientConnection.java:110)


	at com.crankuptheamps.client.HAClient.connectAndLogon(HAClient.java:389)
	at com.bmo.amps.subscriber.AmpsSubscriberTest.startCreatesHAClientAndConnects(AmpsSubscriberTest.java:96)

com.bmo.amps.subscriber.AmpsSubscriberTest.disconnectStopsTheReader -- Time elapsed: 2.099 s <<< ERROR!
org.awaitility.core.ConditionTimeoutException: 
Assertion condition defined as a Lambda expression in com.bmo.amps.subscriber.AmpsSubscriberTest 
Expecting value to be true but was false within 2 seconds.
	at org.awaitility.core.ConditionAwaiter.await(ConditionAwaiter.java:167)
	at org.awaitility.core.AssertionCondition.await(AssertionCondition.java:119)
	at org.awaitility.core.AssertionCondition.await(AssertionCondition.java:31)
	at org.awaitility.core.ConditionFactory.until(ConditionFactory.java:1006)
	at org.awaitility.core.ConditionFactory.untilAsserted(ConditionFactory.java:790)
	at com.bmo.amps.subscriber.AmpsSubscriberTest.disconnectStopsTheReader(AmpsSubscriberTest.java:121)
Caused by: org.opentest4j.AssertionFailedError: 
Expecting value to be true but was false
	at com.bmo.amps.subscriber.AmpsSubscriberTest.lambda$disconnectStopsTheReader$7(AmpsSubscriberTest.java:121)

com.bmo.amps.subscriber.AmpsSubscriberTest.firstLoggedOnSubscribesAndStartsReader -- Time elapsed: 2.107 s <<< ERROR!
org.awaitility.core.ConditionTimeoutException: 
Assertion condition defined as a Lambda expression in com.bmo.amps.subscriber.AmpsSubscriberTest 
Expecting value to be true but was false within 2 seconds.
	at org.awaitility.core.ConditionAwaiter.await(ConditionAwaiter.java:167)
	at org.awaitility.core.AssertionCondition.await(AssertionCondition.java:119)
	at org.awaitility.core.AssertionCondition.await(AssertionCondition.java:31)
	at org.awaitility.core.ConditionFactory.until(ConditionFactory.java:1006)
	at org.awaitility.core.ConditionFactory.untilAsserted(ConditionFactory.java:790)
	at com.bmo.amps.subscriber.AmpsSubscriberTest.firstLoggedOnSubscribesAndStartsReader(AmpsSubscriberTest.java:109)
Caused by: org.opentest4j.AssertionFailedError: 
Expecting value to be true but was false
	at com.bmo.amps.subscriber.AmpsSubscriberTest.lambda$firstLoggedOnSubscribesAndStartsReader$5(AmpsSubscriberTest.java:109)

com.bmo.amps.subscriber.AmpsSubscriberTest.concurrentLoggedOnCallbacksProduceExactlyOneSubscribe -- Time elapsed: 2.105 s <<< ERROR!
org.awaitility.core.ConditionTimeoutException: 
Assertion condition defined as a Lambda expression in com.bmo.amps.subscriber.AmpsSubscriberTest 
Expecting value to be true but was false within 2 seconds.
	at org.awaitility.core.ConditionAwaiter.await(ConditionAwaiter.java:167)
	at org.awaitility.core.AssertionCondition.await(AssertionCondition.java:119)
	at org.awaitility.core.AssertionCondition.await(AssertionCondition.java:31)
	at org.awaitility.core.ConditionFactory.until(ConditionFactory.java:1006)
	at org.awaitility.core.ConditionFactory.untilAsserted(ConditionFactory.java:790)
	at com.bmo.amps.subscriber.AmpsSubscriberTest.concurrentLoggedOnCallbacksProduceExactlyOneSubscribe(AmpsSubscriberTest.java:215)
Caused by: org.opentest4j.AssertionFailedError: 
Expecting value to be true but was false
	at com.bmo.amps.subscriber.AmpsSubscriberTest.lambda$concurrentLoggedOnCallbacksProduceExactlyOneSubscribe$20(AmpsSubscriberTest.java:215)

com.bmo.amps.subscriber.AmpsSubscriberTest.stopStopsTheReaderAndClosesTheHAClient -- Time elapsed: 2.104 s <<< ERROR!
org.awaitility.core.ConditionTimeoutException: 
Assertion condition defined as a Lambda expression in com.bmo.amps.subscriber.AmpsSubscriberTest 
Expecting value to be true but was false within 2 seconds.
	at org.awaitility.core.ConditionAwaiter.await(ConditionAwaiter.java:167)
	at org.awaitility.core.AssertionCondition.await(AssertionCondition.java:119)
	at org.awaitility.core.AssertionCondition.await(AssertionCondition.java:31)
	at org.awaitility.core.ConditionFactory.until(ConditionFactory.java:1006)
	at org.awaitility.core.ConditionFactory.untilAsserted(ConditionFactory.java:790)
	at com.bmo.amps.subscriber.AmpsSubscriberTest.stopStopsTheReaderAndClosesTheHAClient(AmpsSubscriberTest.java:264)
Caused by: org.opentest4j.AssertionFailedError: 
Expecting value to be true but was false
	at com.bmo.amps.subscriber.AmpsSubscriberTest.lambda$stopStopsTheReaderAndClosesTheHAClient$26(AmpsSubscriberTest.java:264)

com.bmo.amps.subscriber.AmpsSubscriberTest.shutdownAlsoStopsTheReader -- Time elapsed: 2.107 s <<< ERROR!
org.awaitility.core.ConditionTimeoutException: 
Assertion condition defined as a Lambda expression in com.bmo.amps.subscriber.AmpsSubscriberTest 
Expecting value to be true but was false within 2 seconds.
	at org.awaitility.core.ConditionAwaiter.await(ConditionAwaiter.java:167)
	at org.awaitility.core.AssertionCondition.await(AssertionCondition.java:119)
	at org.awaitility.core.AssertionCondition.await(AssertionCondition.java:31)
	at org.awaitility.core.ConditionFactory.until(ConditionFactory.java:1006)
	at org.awaitility.core.ConditionFactory.untilAsserted(ConditionFactory.java:790)
	at com.bmo.amps.subscriber.AmpsSubscriberTest.shutdownAlsoStopsTheReader(AmpsSubscriberTest.java:136)
Caused by: org.opentest4j.AssertionFailedError: 
Expecting value to be true but was false
	at com.bmo.amps.subscriber.AmpsSubscriberTest.lambda$shutdownAlsoStopsTheReader$10(AmpsSubscriberTest.java:136)

