<?xml version="1.0" encoding="UTF-8"?>
<testsuite xmlns:xsi="http://www.w3.org/2001/XMLSchema-instance" xsi:noNamespaceSchemaLocation="https://maven.apache.org/surefire/maven-surefire-plugin/xsd/surefire-test-report.xsd" version="3.0.2" name="com.bmo.amps.subscriber.MessageProcessorTest" time="5.749" tests="3" errors="0" skipped="0" failures="0" flakes="0">
  <properties>
[...]
</properties>
  <testcase name="ackFailureIsSwallowedNotPropagated" classname="com.bmo.amps.subscriber.MessageProcessorTest" time="0.114">
    <system-out><![CDATA[00:00:25.465 [virtual-112] INFO com.bmo.amps.subscriber.MessageProcessor -- CLIENT_1 Message processed [topic=null, sowKey=null], data : null
00:00:25.469 [virtual-112] ERROR com.bmo.amps.subscriber.MessageProcessor -- CLIENT_1 Failed to ack message [topic=null]
com.crankuptheamps.client.exception.AMPSException: ack failed
	at com.crankuptheamps.client.Message.ack(Message.java:3007)
	at com.bmo.amps.subscriber.MessageProcessor.handle(MessageProcessor.java:34)
	at com.bmo.amps.subscriber.MessageProcessor.lambda$process$0(MessageProcessor.java:26)
	at java.base/java.util.concurrent.Executors$RunnableAdapter.call(Executors.java:572)
	at java.base/java.util.concurrent.FutureTask.run(FutureTask.java:317)
	at java.base/java.lang.VirtualThread.run(VirtualThread.java:329)
]]></system-out>
  </testcase>
  <testcase name="manyMessagesAreAllProcessed" classname="com.bmo.amps.subscriber.MessageProcessorTest" time="5.512">
    <system-out><![CDATA[00:00:25.578 [virtual-119] INFO com.bmo.amps.subscriber.MessageProcessor -- CLIENT_1 Message processed [topic=null, sowKey=null], data : null
00:00:25.578 [virtual-121] INFO com.bmo.amps.subscriber.MessageProcessor -- CLIENT_1 Message processed [topic=null, sowKey=null], data : null
00:00:25.578 [virtual-122] INFO com.bmo.amps.subscriber.MessageProcessor -- CLIENT_1 Message processed [topic=null, sowKey=null], data : null
00:00:25.578 [virtual-123] INFO com.bmo.amps.subscriber.MessageProcessor -- CLIENT_1 Message processed [topic=null, sowKey=null], data : null
00:00:25.578 [virtual-124] INFO com.bmo.amps.subscriber.MessageProcessor -- CLIENT_1 Message processed [topic=null, sowKey=null], data : null
00:00:25.578 [virtual-125] INFO com.bmo.amps.subscriber.MessageProcessor -- CLIENT_1 Message processed [topic=null, sowKey=null], data : null
00:00:25.579 [virtual-126] INFO com.bmo.amps.subscriber.MessageProcessor -- CLIENT_1 Message processed [topic=null, sowKey=null], data : null
00:00:25.579 [virtual-127] INFO com.bmo.amps.subscriber.MessageProcessor -- CLIENT_1 Message processed [topic=null, sowKey=null], data : null
00:00:25.579 [virtual-129] INFO com.bmo.amps.subscriber.MessageProcessor -- CLIENT_1 Message processed [topic=null, sowKey=null], data : null
00:00:25.579 [virtual-131] INFO com.bmo.amps.subscriber.MessageProcessor -- CLIENT_1 Message processed [topic=null, sowKey=null], data : null
00:00:25.579 [virtual-132] INFO com.bmo.amps.subscriber.MessageProcessor -- CLIENT_1 Message processed [topic=null, sowKey=null], data : null
00:00:25.579 [virtual-133] INFO com.bmo.amps.subscriber.MessageProcessor -- CLIENT_1 Message processed [topic=null, sowKey=null], data : null
00:00:25.578 [virtual-120] INFO com.bmo.amps.subscriber.MessageProcessor -- CLIENT_1 Message processed [topic=null, sowKey=null], data : null
00:00:25.580 [virtual-134] INFO com.bmo.amps.subscriber.MessageProcessor -- CLIENT_1 Message processed [topic=null, sowKey=null], data : null
00:00:25.580 [virtual-135] INFO com.bmo.amps.subscriber.MessageProcessor -- CLIENT_1 Message processed [topic=null, sowKey=null], data : null
00:00:25.580 [virtual-136] INFO com.bmo.amps.subscriber.MessageProcessor -- CLIENT_1 Message processed [topic=null, sowKey=null], data : null
00:00:25.580 [virtual-137] INFO com.bmo.amps.subscriber.MessageProcessor -- CLIENT_1 Message processed [topic=null, sowKey=null], data : null
00:00:25.580 [virtual-138] INFO com.bmo.amps.subscriber.MessageProcessor -- CLIENT_1 Message processed [topic=null, sowKey=null], data : null
00:00:25.580 [virtual-139] INFO com.bmo.amps.subscriber.MessageProcessor -- CLIENT_1 Message processed [topic=null, sowKey=null], data : null
00:00:25.580 [virtual-140] INFO com.bmo.amps.subscriber.MessageProcessor -- CLIENT_1 Message processed [topic=null, sowKey=null], data : null
00:00:25.581 [virtual-141] INFO com.bmo.amps.subscriber.MessageProcessor -- CLIENT_1 Message processed [topic=null, sowKey=null], data : null
00:00:25.581 [virtual-142] INFO com.bmo.amps.subscriber.MessageProcessor -- CLIENT_1 Message processed [topic=null, sowKey=null], data : null
00:00:25.581 [virtual-143] INFO com.bmo.amps.subscriber.MessageProcessor -- CLIENT_1 Message processed [topic=null, sowKey=null], data : null
00:00:25.581 [virtual-144] INFO com.bmo.amps.subscriber.MessageProcessor -- CLIENT_1 Message processed [topic=null, sowKey=null], data : null
00:00:25.581 [virtual-145] INFO com.bmo.amps.subscriber.MessageProcessor -- CLIENT_1 Message processed [topic=null, sowKey=null], data : null
00:00:25.581 [virtual-146] INFO com.bmo.amps.subscriber.MessageProcessor -- CLIENT_1 Message processed [topic=null, sowKey=null], data : null
00:00:25.581 [virtual-147] INFO com.bmo.amps.subscriber.MessageProcessor -- CLIENT_1 Message processed [topic=null, sowKey=null], data : null
00:00:25.581 [virtual-148] INFO com.bmo.amps.subscriber.MessageProcessor -- CLIENT_1 Message processed [topic=null, sowKey=null], data : null
00:00:25.582 [virtual-149] INFO com.bmo.amps.subscriber.MessageProcessor -- CLIENT_1 Message processed [topic=null, sowKey=null], data : null
00:00:25.582 [virtual-150] INFO com.bmo.amps.subscriber.MessageProcessor -- CLIENT_1 Message processed [topic=null, sowKey=null], data : null
00:00:25.582 [virtual-151] INFO com.bmo.amps.subscriber.MessageProcessor -- CLIENT_1 Message processed [topic=null, sowKey=null], data : null
00:00:25.582 [virtual-152] INFO com.bmo.amps.subscriber.MessageProcessor -- CLIENT_1 Message processed [topic=null, sowKey=null], data : null
00:00:25.582 [virtual-153] INFO com.bmo.amps.subscriber.MessageProcessor -- CLIENT_1 Message processed [topic=null, sowKey=null], data : null
00:00:25.582 [virtual-154] INFO com.bmo.amps.subscriber.MessageProcessor -- CLIENT_1 Message processed [topic=null, sowKey=null], data : null
00:00:25.582 [virtual-155] INFO com.bmo.amps.subscriber.MessageProcessor -- CLIENT_1 Message processed [topic=null, sowKey=null], data : null
00:00:25.582 [virtual-156] INFO com.bmo.amps.subscriber.MessageProcessor -- CLIENT_1 Message processed [topic=null, sowKey=null], data : null
00:00:25.582 [virtual-157] INFO com.bmo.amps.subscriber.MessageProcessor -- CLIENT_1 Message processed [topic=null, sowKey=null], data : null
00:00:25.583 [virtual-158] INFO com.bmo.amps.subscriber.MessageProcessor -- CLIENT_1 Message processed [topic=null, sowKey=null], data : null
00:00:25.583 [virtual-159] INFO com.bmo.amps.subscriber.MessageProcessor -- CLIENT_1 Message processed [topic=null, sowKey=null], data : null
00:00:25.583 [virtual-160] INFO com.bmo.amps.subscriber.MessageProcessor -- CLIENT_1 Message processed [topic=null, sowKey=null], data : null
00:00:25.583 [virtual-161] INFO com.bmo.amps.subscriber.MessageProcessor -- CLIENT_1 Message processed [topic=null, sowKey=null], data : null
00:00:25.583 [virtual-162] INFO com.bmo.amps.subscriber.MessageProcessor -- CLIENT_1 Message processed [topic=null, sowKey=null], data : null
00:00:25.583 [virtual-163] INFO com.bmo.amps.subscriber.MessageProcessor -- CLIENT_1 Message processed [topic=null, sowKey=null], data : null
00:00:25.583 [virtual-164] INFO com.bmo.amps.subscriber.MessageProcessor -- CLIENT_1 Message processed [topic=null, sowKey=null], data : null
00:00:25.583 [virtual-165] INFO com.bmo.amps.subscriber.MessageProcessor -- CLIENT_1 Message processed [topic=null, sowKey=null], data : null
00:00:25.584 [virtual-166] INFO com.bmo.amps.subscriber.MessageProcessor -- CLIENT_1 Message processed [topic=null, sowKey=null], data : null
00:00:25.584 [virtual-167] INFO com.bmo.amps.subscriber.MessageProcessor -- CLIENT_1 Message processed [topic=null, sowKey=null], data : null
00:00:25.584 [virtual-168] INFO com.bmo.amps.subscriber.MessageProcessor -- CLIENT_1 Message processed [topic=null, sowKey=null], data : null
00:00:25.584 [virtual-169] INFO com.bmo.amps.subscriber.MessageProcessor -- CLIENT_1 Message processed [topic=null, sowKey=null], data : null
00:00:25.584 [virtual-170] INFO com.bmo.amps.subscriber.MessageProcessor -- CLIENT_1 Message processed [topic=null, sowKey=null], data : null
]]></system-out>
  </testcase>
  <testcase name="processDispatchesAsynchronouslyAndAcksOnSuccess" classname="com.bmo.amps.subscriber.MessageProcessorTest" time="0.11">
    <system-out><![CDATA[00:00:31.091 [virtual-221] INFO com.bmo.amps.subscriber.MessageProcessor -- CLIENT_1 Message processed [topic=null, sowKey=null], data : null
]]></system-out>
  </testcase>
</testsuite>