<?xml version="1.0" encoding="UTF-8"?>
<testsuite xmlns:xsi="http://www.w3.org/2001/XMLSchema-instance" xsi:noNamespaceSchemaLocation="https://maven.apache.org/surefire/maven-surefire-plugin/xsd/surefire-test-report.xsd" version="3.0.2" name="com.bmo.amps.subscriber.AmpsSubscriberTest" time="17.209" tests="9" errors="8" skipped="0" failures="1" flakes="0">
  <properties>
[...]
</properties>
  <testcase name="manyReconnectCyclesLeaveNoLingeringReaderThreadsAndKeepConsumingAfterEach" classname="com.bmo.amps.subscriber.AmpsSubscriberTest" time="2.21">
    <error message="Assertion condition defined as a Lambda expression in com.bmo.amps.subscriber.AmpsSubscriberTest &#10;Expecting value to be true but was false within 2 seconds." type="org.awaitility.core.ConditionTimeoutException"><![CDATA[org.awaitility.core.ConditionTimeoutException: 
Assertion condition defined as a Lambda expression in com.bmo.amps.subscriber.AmpsSubscriberTest 
Expecting value to be true but was false within 2 seconds.
	at org.awaitility.core.ConditionAwaiter.await(ConditionAwaiter.java:167)
	at org.awaitility.core.AssertionCondition.await(AssertionCondition.java:119)
	at org.awaitility.core.AssertionCondition.await(AssertionCondition.java:31)
	at org.awaitility.core.ConditionFactory.until(ConditionFactory.java:1006)
	at org.awaitility.core.ConditionFactory.untilAsserted(ConditionFactory.java:790)
	at com.bmo.amps.subscriber.AmpsSubscriberTest.manyReconnectCyclesLeaveNoLingeringReaderThreadsAndKeepConsumingAfterEach(AmpsSubscriberTest.java:233)
Caused by: org.opentest4j.AssertionFailedError: 
Expecting value to be true but was false
	at com.bmo.amps.subscriber.AmpsSubscriberTest.lambda$manyReconnectCyclesLeaveNoLingeringReaderThreadsAndKeepConsumingAfterEach$22(AmpsSubscriberTest.java:233)
]]></error>
    <system-out><![CDATA[00:00:08.544 [main] INFO com.bmo.amps.subscriber.AmpsClientConnection -- queue_orders_subscriber_0 LoggedOn
00:00:08.606 [amps-recovery-queue_orders_subscriber_0] INFO com.bmo.amps.subscriber.AmpsClientConnection -- queue_orders_subscriber_0 Subscribed [subscriptionId=auto2]
00:00:08.607 [amps-recovery-queue_orders_subscriber_0] INFO com.bmo.amps.subscriber.AmpsClientConnection -- queue_orders_subscriber_0 Reader started
00:00:10.707 [amps-recovery-queue_orders_subscriber_0] INFO com.bmo.amps.subscriber.AmpsClientConnection -- queue_orders_subscriber_0 Reader stopped
]]></system-out>
  </testcase>
  <testcase name="connectedHeartbeatAndResubscribedEventsDoNotDisruptRecovery" classname="com.bmo.amps.subscriber.AmpsSubscriberTest" time="2.096">
    <error message="Assertion condition defined as a Lambda expression in com.bmo.amps.subscriber.AmpsSubscriberTest &#10;Expecting value to be true but was false within 2 seconds." type="org.awaitility.core.ConditionTimeoutException"><![CDATA[org.awaitility.core.ConditionTimeoutException: 
Assertion condition defined as a Lambda expression in com.bmo.amps.subscriber.AmpsSubscriberTest 
Expecting value to be true but was false within 2 seconds.
	at org.awaitility.core.ConditionAwaiter.await(ConditionAwaiter.java:167)
	at org.awaitility.core.AssertionCondition.await(AssertionCondition.java:119)
	at org.awaitility.core.AssertionCondition.await(AssertionCondition.java:31)
	at org.awaitility.core.ConditionFactory.until(ConditionFactory.java:1006)
	at org.awaitility.core.ConditionFactory.untilAsserted(ConditionFactory.java:790)
	at com.bmo.amps.subscriber.AmpsSubscriberTest.connectedHeartbeatAndResubscribedEventsDoNotDisruptRecovery(AmpsSubscriberTest.java:156)
Caused by: org.opentest4j.AssertionFailedError: 
Expecting value to be true but was false
	at com.bmo.amps.subscriber.AmpsSubscriberTest.lambda$connectedHeartbeatAndResubscribedEventsDoNotDisruptRecovery$13(AmpsSubscriberTest.java:156)
]]></error>
    <system-out><![CDATA[00:00:10.712 [main] INFO com.bmo.amps.subscriber.AmpsClientConnection -- queue_orders_subscriber_0 Connected
00:00:10.712 [main] INFO com.bmo.amps.subscriber.AmpsClientConnection -- queue_orders_subscriber_0 LoggedOn
00:00:10.714 [amps-recovery-queue_orders_subscriber_0] INFO com.bmo.amps.subscriber.AmpsClientConnection -- queue_orders_subscriber_0 Subscribed [subscriptionId=auto4]
00:00:10.714 [amps-recovery-queue_orders_subscriber_0] INFO com.bmo.amps.subscriber.AmpsClientConnection -- queue_orders_subscriber_0 Reader started
00:00:12.805 [amps-recovery-queue_orders_subscriber_0] INFO com.bmo.amps.subscriber.AmpsClientConnection -- queue_orders_subscriber_0 Reader stopped
]]></system-out>
  </testcase>
  <testcase name="reconnectResubscribesWithNewIdAndUnsubscribesTheStaleOne" classname="com.bmo.amps.subscriber.AmpsSubscriberTest" time="2.101">
    <error message="Assertion condition defined as a Lambda expression in com.bmo.amps.subscriber.AmpsSubscriberTest &#10;Expecting value to be true but was false within 2 seconds." type="org.awaitility.core.ConditionTimeoutException"><![CDATA[org.awaitility.core.ConditionTimeoutException: 
Assertion condition defined as a Lambda expression in com.bmo.amps.subscriber.AmpsSubscriberTest 
Expecting value to be true but was false within 2 seconds.
	at org.awaitility.core.ConditionAwaiter.await(ConditionAwaiter.java:167)
	at org.awaitility.core.AssertionCondition.await(AssertionCondition.java:119)
	at org.awaitility.core.AssertionCondition.await(AssertionCondition.java:31)
	at org.awaitility.core.ConditionFactory.until(ConditionFactory.java:1006)
	at org.awaitility.core.ConditionFactory.untilAsserted(ConditionFactory.java:790)
	at com.bmo.amps.subscriber.AmpsSubscriberTest.reconnectResubscribesWithNewIdAndUnsubscribesTheStaleOne(AmpsSubscriberTest.java:168)
Caused by: org.opentest4j.AssertionFailedError: 
Expecting value to be true but was false
	at com.bmo.amps.subscriber.AmpsSubscriberTest.lambda$reconnectResubscribesWithNewIdAndUnsubscribesTheStaleOne$15(AmpsSubscriberTest.java:168)
]]></error>
    <system-out><![CDATA[00:00:12.810 [main] INFO com.bmo.amps.subscriber.AmpsClientConnection -- queue_orders_subscriber_0 LoggedOn
00:00:12.810 [amps-recovery-queue_orders_subscriber_0] INFO com.bmo.amps.subscriber.AmpsClientConnection -- queue_orders_subscriber_0 Subscribed [subscriptionId=auto6]
00:00:12.811 [amps-recovery-queue_orders_subscriber_0] INFO com.bmo.amps.subscriber.AmpsClientConnection -- queue_orders_subscriber_0 Reader started
00:00:14.908 [amps-recovery-queue_orders_subscriber_0] INFO com.bmo.amps.subscriber.AmpsClientConnection -- queue_orders_subscriber_0 Reader stopped
]]></system-out>
  </testcase>
  <testcase name="startCreatesHAClientAndConnects" classname="com.bmo.amps.subscriber.AmpsSubscriberTest" time="0.013">
    <failure message="&#10;Wanted but not invoked:&#10;hAClient.connectAndLogon();&#10;-&gt; at com.crankuptheamps.client.HAClient.connectAndLogon(HAClient.java:389)&#10;&#10;However, there was exactly 1 interaction with this mock:&#10;hAClient.addConnectionStateListener(&#10;    com.bmo.amps.subscriber.AmpsClientConnection$$Lambda/0x000001b0f0329968@349c4d1c&#10;);&#10;-&gt; at com.bmo.amps.subscriber.AmpsClientConnection.start(AmpsClientConnection.java:110)&#10;&#10;" type="Wanted but not invoked"><![CDATA[Wanted but not invoked:
hAClient.connectAndLogon();
-> at com.crankuptheamps.client.HAClient.connectAndLogon(HAClient.java:389)

However, there was exactly 1 interaction with this mock:
hAClient.addConnectionStateListener(
    com.bmo.amps.subscriber.AmpsClientConnection$$Lambda/0x000001b0f0329968@349c4d1c
);
-> at com.bmo.amps.subscriber.AmpsClientConnection.start(AmpsClientConnection.java:110)


	at com.crankuptheamps.client.HAClient.connectAndLogon(HAClient.java:389)
	at com.bmo.amps.subscriber.AmpsSubscriberTest.startCreatesHAClientAndConnects(AmpsSubscriberTest.java:96)
]]></failure>
  </testcase>
  <testcase name="disconnectStopsTheReader" classname="com.bmo.amps.subscriber.AmpsSubscriberTest" time="2.099">
    <error message="Assertion condition defined as a Lambda expression in com.bmo.amps.subscriber.AmpsSubscriberTest &#10;Expecting value to be true but was false within 2 seconds." type="org.awaitility.core.ConditionTimeoutException"><![CDATA[org.awaitility.core.ConditionTimeoutException: 
Assertion condition defined as a Lambda expression in com.bmo.amps.subscriber.AmpsSubscriberTest 
Expecting value to be true but was false within 2 seconds.
	at org.awaitility.core.ConditionAwaiter.await(ConditionAwaiter.java:167)
	at org.awaitility.core.AssertionCondition.await(AssertionCondition.java:119)
	at org.awaitility.core.AssertionCondition.await(AssertionCondition.java:31)
	at org.awaitility.core.ConditionFactory.until(ConditionFactory.java:1006)
	at org.awaitility.core.ConditionFactory.untilAsserted(ConditionFactory.java:790)
	at com.bmo.amps.subscriber.AmpsSubscriberTest.disconnectStopsTheReader(AmpsSubscriberTest.java:121)
Caused by: org.opentest4j.AssertionFailedError: 
Expecting value to be true but was false
	at com.bmo.amps.subscriber.AmpsSubscriberTest.lambda$disconnectStopsTheReader$7(AmpsSubscriberTest.java:121)
]]></error>
    <system-out><![CDATA[00:00:14.925 [main] INFO com.bmo.amps.subscriber.AmpsClientConnection -- queue_orders_subscriber_0 LoggedOn
00:00:14.926 [amps-recovery-queue_orders_subscriber_0] INFO com.bmo.amps.subscriber.AmpsClientConnection -- queue_orders_subscriber_0 Subscribed [subscriptionId=auto8]
00:00:14.927 [amps-recovery-queue_orders_subscriber_0] INFO com.bmo.amps.subscriber.AmpsClientConnection -- queue_orders_subscriber_0 Reader started
00:00:17.022 [amps-recovery-queue_orders_subscriber_0] INFO com.bmo.amps.subscriber.AmpsClientConnection -- queue_orders_subscriber_0 Reader stopped
]]></system-out>
  </testcase>
  <testcase name="firstLoggedOnSubscribesAndStartsReader" classname="com.bmo.amps.subscriber.AmpsSubscriberTest" time="2.107">
    <error message="Assertion condition defined as a Lambda expression in com.bmo.amps.subscriber.AmpsSubscriberTest &#10;Expecting value to be true but was false within 2 seconds." type="org.awaitility.core.ConditionTimeoutException"><![CDATA[org.awaitility.core.ConditionTimeoutException: 
Assertion condition defined as a Lambda expression in com.bmo.amps.subscriber.AmpsSubscriberTest 
Expecting value to be true but was false within 2 seconds.
	at org.awaitility.core.ConditionAwaiter.await(ConditionAwaiter.java:167)
	at org.awaitility.core.AssertionCondition.await(AssertionCondition.java:119)
	at org.awaitility.core.AssertionCondition.await(AssertionCondition.java:31)
	at org.awaitility.core.ConditionFactory.until(ConditionFactory.java:1006)
	at org.awaitility.core.ConditionFactory.untilAsserted(ConditionFactory.java:790)
	at com.bmo.amps.subscriber.AmpsSubscriberTest.firstLoggedOnSubscribesAndStartsReader(AmpsSubscriberTest.java:109)
Caused by: org.opentest4j.AssertionFailedError: 
Expecting value to be true but was false
	at com.bmo.amps.subscriber.AmpsSubscriberTest.lambda$firstLoggedOnSubscribesAndStartsReader$5(AmpsSubscriberTest.java:109)
]]></error>
    <system-out><![CDATA[00:00:17.025 [main] INFO com.bmo.amps.subscriber.AmpsClientConnection -- queue_orders_subscriber_0 LoggedOn
00:00:17.026 [amps-recovery-queue_orders_subscriber_0] INFO com.bmo.amps.subscriber.AmpsClientConnection -- queue_orders_subscriber_0 Subscribed [subscriptionId=auto10]
00:00:17.027 [amps-recovery-queue_orders_subscriber_0] INFO com.bmo.amps.subscriber.AmpsClientConnection -- queue_orders_subscriber_0 Reader started
00:00:19.130 [amps-recovery-queue_orders_subscriber_0] INFO com.bmo.amps.subscriber.AmpsClientConnection -- queue_orders_subscriber_0 Reader stopped
]]></system-out>
  </testcase>
  <testcase name="concurrentLoggedOnCallbacksProduceExactlyOneSubscribe" classname="com.bmo.amps.subscriber.AmpsSubscriberTest" time="2.105">
    <error message="Assertion condition defined as a Lambda expression in com.bmo.amps.subscriber.AmpsSubscriberTest &#10;Expecting value to be true but was false within 2 seconds." type="org.awaitility.core.ConditionTimeoutException"><![CDATA[org.awaitility.core.ConditionTimeoutException: 
Assertion condition defined as a Lambda expression in com.bmo.amps.subscriber.AmpsSubscriberTest 
Expecting value to be true but was false within 2 seconds.
	at org.awaitility.core.ConditionAwaiter.await(ConditionAwaiter.java:167)
	at org.awaitility.core.AssertionCondition.await(AssertionCondition.java:119)
	at org.awaitility.core.AssertionCondition.await(AssertionCondition.java:31)
	at org.awaitility.core.ConditionFactory.until(ConditionFactory.java:1006)
	at org.awaitility.core.ConditionFactory.untilAsserted(ConditionFactory.java:790)
	at com.bmo.amps.subscriber.AmpsSubscriberTest.concurrentLoggedOnCallbacksProduceExactlyOneSubscribe(AmpsSubscriberTest.java:215)
Caused by: org.opentest4j.AssertionFailedError: 
Expecting value to be true but was false
	at com.bmo.amps.subscriber.AmpsSubscriberTest.lambda$concurrentLoggedOnCallbacksProduceExactlyOneSubscribe$20(AmpsSubscriberTest.java:215)
]]></error>
    <system-out><![CDATA[00:00:19.134 [pool-2-thread-2] INFO com.bmo.amps.subscriber.AmpsClientConnection -- queue_orders_subscriber_0 LoggedOn
00:00:19.134 [pool-2-thread-6] INFO com.bmo.amps.subscriber.AmpsClientConnection -- queue_orders_subscriber_0 LoggedOn
00:00:19.134 [pool-2-thread-3] INFO com.bmo.amps.subscriber.AmpsClientConnection -- queue_orders_subscriber_0 LoggedOn
00:00:19.134 [pool-2-thread-4] INFO com.bmo.amps.subscriber.AmpsClientConnection -- queue_orders_subscriber_0 LoggedOn
00:00:19.134 [pool-2-thread-1] INFO com.bmo.amps.subscriber.AmpsClientConnection -- queue_orders_subscriber_0 LoggedOn
00:00:19.134 [pool-2-thread-5] INFO com.bmo.amps.subscriber.AmpsClientConnection -- queue_orders_subscriber_0 LoggedOn
00:00:19.134 [pool-2-thread-8] INFO com.bmo.amps.subscriber.AmpsClientConnection -- queue_orders_subscriber_0 LoggedOn
00:00:19.134 [pool-2-thread-7] INFO com.bmo.amps.subscriber.AmpsClientConnection -- queue_orders_subscriber_0 LoggedOn
00:00:19.136 [amps-recovery-queue_orders_subscriber_0] INFO com.bmo.amps.subscriber.AmpsClientConnection -- queue_orders_subscriber_0 Subscribed [subscriptionId=auto12]
00:00:19.136 [amps-recovery-queue_orders_subscriber_0] INFO com.bmo.amps.subscriber.AmpsClientConnection -- queue_orders_subscriber_0 Reader started
00:00:19.136 [amps-recovery-queue_orders_subscriber_0] INFO com.bmo.amps.subscriber.AmpsClientConnection -- queue_orders_subscriber_0 Reader stopped
00:00:19.137 [amps-recovery-queue_orders_subscriber_0] INFO com.bmo.amps.subscriber.AmpsClientConnection -- queue_orders_subscriber_0 Subscribed [subscriptionId=auto14]
00:00:19.137 [amps-recovery-queue_orders_subscriber_0] INFO com.bmo.amps.subscriber.AmpsClientConnection -- queue_orders_subscriber_0 Reader started
00:00:19.137 [amps-recovery-queue_orders_subscriber_0] INFO com.bmo.amps.subscriber.AmpsClientConnection -- queue_orders_subscriber_0 Reader stopped
00:00:19.138 [amps-recovery-queue_orders_subscriber_0] INFO com.bmo.amps.subscriber.AmpsClientConnection -- queue_orders_subscriber_0 Subscribed [subscriptionId=auto16]
00:00:19.138 [amps-recovery-queue_orders_subscriber_0] INFO com.bmo.amps.subscriber.AmpsClientConnection -- queue_orders_subscriber_0 Reader started
00:00:19.138 [amps-recovery-queue_orders_subscriber_0] INFO com.bmo.amps.subscriber.AmpsClientConnection -- queue_orders_subscriber_0 Reader stopped
00:00:19.139 [amps-recovery-queue_orders_subscriber_0] INFO com.bmo.amps.subscriber.AmpsClientConnection -- queue_orders_subscriber_0 Subscribed [subscriptionId=auto18]
00:00:19.139 [amps-recovery-queue_orders_subscriber_0] INFO com.bmo.amps.subscriber.AmpsClientConnection -- queue_orders_subscriber_0 Reader started
00:00:19.139 [amps-recovery-queue_orders_subscriber_0] INFO com.bmo.amps.subscriber.AmpsClientConnection -- queue_orders_subscriber_0 Reader stopped
00:00:19.140 [amps-recovery-queue_orders_subscriber_0] INFO com.bmo.amps.subscriber.AmpsClientConnection -- queue_orders_subscriber_0 Subscribed [subscriptionId=auto20]
00:00:19.140 [amps-recovery-queue_orders_subscriber_0] INFO com.bmo.amps.subscriber.AmpsClientConnection -- queue_orders_subscriber_0 Reader started
00:00:19.141 [amps-recovery-queue_orders_subscriber_0] INFO com.bmo.amps.subscriber.AmpsClientConnection -- queue_orders_subscriber_0 Reader stopped
00:00:19.141 [amps-recovery-queue_orders_subscriber_0] INFO com.bmo.amps.subscriber.AmpsClientConnection -- queue_orders_subscriber_0 Subscribed [subscriptionId=auto22]
00:00:19.141 [amps-recovery-queue_orders_subscriber_0] INFO com.bmo.amps.subscriber.AmpsClientConnection -- queue_orders_subscriber_0 Reader started
00:00:19.142 [amps-recovery-queue_orders_subscriber_0] INFO com.bmo.amps.subscriber.AmpsClientConnection -- queue_orders_subscriber_0 Reader stopped
00:00:19.142 [amps-recovery-queue_orders_subscriber_0] INFO com.bmo.amps.subscriber.AmpsClientConnection -- queue_orders_subscriber_0 Subscribed [subscriptionId=auto24]
00:00:19.142 [amps-recovery-queue_orders_subscriber_0] INFO com.bmo.amps.subscriber.AmpsClientConnection -- queue_orders_subscriber_0 Reader started
00:00:19.143 [amps-recovery-queue_orders_subscriber_0] INFO com.bmo.amps.subscriber.AmpsClientConnection -- queue_orders_subscriber_0 Reader stopped
00:00:19.143 [amps-recovery-queue_orders_subscriber_0] INFO com.bmo.amps.subscriber.AmpsClientConnection -- queue_orders_subscriber_0 Subscribed [subscriptionId=auto26]
00:00:19.143 [amps-recovery-queue_orders_subscriber_0] INFO com.bmo.amps.subscriber.AmpsClientConnection -- queue_orders_subscriber_0 Reader started
00:00:21.236 [amps-recovery-queue_orders_subscriber_0] INFO com.bmo.amps.subscriber.AmpsClientConnection -- queue_orders_subscriber_0 Reader stopped
]]></system-out>
  </testcase>
  <testcase name="stopStopsTheReaderAndClosesTheHAClient" classname="com.bmo.amps.subscriber.AmpsSubscriberTest" time="2.104">
    <error message="Assertion condition defined as a Lambda expression in com.bmo.amps.subscriber.AmpsSubscriberTest &#10;Expecting value to be true but was false within 2 seconds." type="org.awaitility.core.ConditionTimeoutException"><![CDATA[org.awaitility.core.ConditionTimeoutException: 
Assertion condition defined as a Lambda expression in com.bmo.amps.subscriber.AmpsSubscriberTest 
Expecting value to be true but was false within 2 seconds.
	at org.awaitility.core.ConditionAwaiter.await(ConditionAwaiter.java:167)
	at org.awaitility.core.AssertionCondition.await(AssertionCondition.java:119)
	at org.awaitility.core.AssertionCondition.await(AssertionCondition.java:31)
	at org.awaitility.core.ConditionFactory.until(ConditionFactory.java:1006)
	at org.awaitility.core.ConditionFactory.untilAsserted(ConditionFactory.java:790)
	at com.bmo.amps.subscriber.AmpsSubscriberTest.stopStopsTheReaderAndClosesTheHAClient(AmpsSubscriberTest.java:264)
Caused by: org.opentest4j.AssertionFailedError: 
Expecting value to be true but was false
	at com.bmo.amps.subscriber.AmpsSubscriberTest.lambda$stopStopsTheReaderAndClosesTheHAClient$26(AmpsSubscriberTest.java:264)
]]></error>
    <system-out><![CDATA[00:00:21.240 [main] INFO com.bmo.amps.subscriber.AmpsClientConnection -- queue_orders_subscriber_0 LoggedOn
00:00:21.241 [amps-recovery-queue_orders_subscriber_0] INFO com.bmo.amps.subscriber.AmpsClientConnection -- queue_orders_subscriber_0 Subscribed [subscriptionId=auto28]
00:00:21.241 [amps-recovery-queue_orders_subscriber_0] INFO com.bmo.amps.subscriber.AmpsClientConnection -- queue_orders_subscriber_0 Reader started
00:00:23.341 [amps-recovery-queue_orders_subscriber_0] INFO com.bmo.amps.subscriber.AmpsClientConnection -- queue_orders_subscriber_0 Reader stopped
]]></system-out>
  </testcase>
  <testcase name="shutdownAlsoStopsTheReader" classname="com.bmo.amps.subscriber.AmpsSubscriberTest" time="2.107">
    <error message="Assertion condition defined as a Lambda expression in com.bmo.amps.subscriber.AmpsSubscriberTest &#10;Expecting value to be true but was false within 2 seconds." type="org.awaitility.core.ConditionTimeoutException"><![CDATA[org.awaitility.core.ConditionTimeoutException: 
Assertion condition defined as a Lambda expression in com.bmo.amps.subscriber.AmpsSubscriberTest 
Expecting value to be true but was false within 2 seconds.
	at org.awaitility.core.ConditionAwaiter.await(ConditionAwaiter.java:167)
	at org.awaitility.core.AssertionCondition.await(AssertionCondition.java:119)
	at org.awaitility.core.AssertionCondition.await(AssertionCondition.java:31)
	at org.awaitility.core.ConditionFactory.until(ConditionFactory.java:1006)
	at org.awaitility.core.ConditionFactory.untilAsserted(ConditionFactory.java:790)
	at com.bmo.amps.subscriber.AmpsSubscriberTest.shutdownAlsoStopsTheReader(AmpsSubscriberTest.java:136)
Caused by: org.opentest4j.AssertionFailedError: 
Expecting value to be true but was false
	at com.bmo.amps.subscriber.AmpsSubscriberTest.lambda$shutdownAlsoStopsTheReader$10(AmpsSubscriberTest.java:136)
]]></error>
    <system-out><![CDATA[00:00:23.344 [main] INFO com.bmo.amps.subscriber.AmpsClientConnection -- queue_orders_subscriber_0 LoggedOn
00:00:23.345 [amps-recovery-queue_orders_subscriber_0] INFO com.bmo.amps.subscriber.AmpsClientConnection -- queue_orders_subscriber_0 Subscribed [subscriptionId=auto30]
00:00:23.345 [amps-recovery-queue_orders_subscriber_0] INFO com.bmo.amps.subscriber.AmpsClientConnection -- queue_orders_subscriber_0 Reader started
00:00:25.450 [amps-recovery-queue_orders_subscriber_0] INFO com.bmo.amps.subscriber.AmpsClientConnection -- queue_orders_subscriber_0 Reader stopped
]]></system-out>
  </testcase>
</testsuite>